#
# There is insufficient memory for the Java Runtime Environment to continue.
# Native memory allocation (mmap) failed to map 536870912 bytes. Error detail: G1 virtual space
# Possible reasons:
#   The system is out of physical RAM or swap space
#   This process is running with CompressedOops enabled, and the Java Heap may be blocking the growth of the native heap
# Possible solutions:
#   Reduce memory load on the system
#   Increase physical memory or swap space
#   Check if swap backing store is full
#   Decrease Java heap size (-Xmx/-Xms)
#   Decrease number of Java threads
#   Decrease Java thread stack sizes (-Xss)
#   Set larger code cache with -XX:ReservedCodeCacheSize=
#   JVM is running with Unscaled Compressed Oops mode in which the Java heap is
#     placed in the first 4GB address space. The Java Heap base address is the
#     maximum limit for the native heap growth. Please use -XX:HeapBaseMinAddress
#     to set the Java Heap base and to place the Java Heap above 4GB virtual address.
# This output file may be truncated or incomplete.
#
#  Out of Memory Error (os_windows.cpp:3714), pid=14284, tid=17000
#
# JRE version:  (21.0.10+7) (build )
# Java VM: OpenJDK 64-Bit Server VM (21.0.10+7-LTS, mixed mode, sharing, tiered, compressed oops, compressed class ptrs, g1 gc, windows-amd64)
# No core dump will be written. Minidumps are not enabled by default on client versions of Windows
#

---------------  S U M M A R Y ------------

Command Line: --add-modules=ALL-SYSTEM --add-opens=java.base/java.util=ALL-UNNAMED --add-opens=java.base/java.lang=ALL-UNNAMED --add-opens=java.base/sun.nio.fs=ALL-UNNAMED -Declipse.application=org.eclipse.jdt.ls.core.id1 -Dosgi.bundles.defaultStartLevel=4 -Declipse.product=org.eclipse.jdt.ls.core.product -Djava.import.generatesMetadataFilesAtProjectRoot=false -DDetectVMInstallationsJob.disabled=true -Dfile.encoding=utf8 -Xlog:disable -Xms512m -Xmx1024m -javaagent:c:\Users\Administrator\.vscode\extensions\redhat.java-1.54.0-win32-x64\lombok\lombok-1.18.39-4050.jar -XX:+HeapDumpOnOutOfMemoryError -XX:HeapDumpPath=c:\Users\Administrator\AppData\Roaming\Code\User\workspaceStorage\fe962d59943de4ed24ad013b91575fa9\redhat.java -Daether.dependencyCollector.impl=bf c:\Users\Administrator\.vscode\extensions\redhat.java-1.54.0-win32-x64\server\plugins\org.eclipse.equinox.launcher_1.7.100.v20251111-0406.jar -configuration c:\Users\Administrator\AppData\Roaming\Code\User\globalStorage\redhat.java\1.54.0\config_win -data c:\Users\Administrator\AppData\Roaming\Code\User\workspaceStorage\fe962d59943de4ed24ad013b91575fa9\redhat.java\jdt_ws --pipe=\\.\pipe\lsp-6850293e4d31c7f4960d31e82e059fad-sock

Host: 11th Gen Intel(R) Core(TM) i3-1125G4 @ 2.00GHz, 8 cores, 7G,  Windows 11 , 64 bit Build 26100 (10.0.26100.8737)
Time: Fri Jul  3 13:56:45 2026 E. Africa Standard Time elapsed time: 1.351842 seconds (0d 0h 0m 1s)

---------------  T H R E A D  ---------------

Current thread (0x0000023f4e427610):  JavaThread "Unknown thread" [_thread_in_vm, id=17000, stack(0x000000dbf1c00000,0x000000dbf1d00000) (1024K)]

Stack: [0x000000dbf1c00000,0x000000dbf1d00000]
Native frames: (J=compiled Java code, j=interpreted, Vv=VM code, C=native code)
V  [jvm.dll+0x6d7a39]
V  [jvm.dll+0x8b4b26]
V  [jvm.dll+0x8b70de]
V  [jvm.dll+0x8b77c3]
V  [jvm.dll+0x284346]
V  [jvm.dll+0x6d4355]
V  [jvm.dll+0x6c808a]
V  [jvm.dll+0x35edb8]
V  [jvm.dll+0x3669f6]
V  [jvm.dll+0x3b7afe]
V  [jvm.dll+0x3b7da8]
V  [jvm.dll+0x332fbc]
V  [jvm.dll+0x333b0b]
V  [jvm.dll+0x87eadb]
V  [jvm.dll+0x3c4a81]
V  [jvm.dll+0x867d25]
V  [jvm.dll+0x457b31]
V  [jvm.dll+0x459721]
C  [jli.dll+0x52d0]
C  [ucrtbase.dll+0x2cd30]
C  [KERNEL32.DLL+0x2e957]
C  [ntdll.dll+0xaad6c]


---------------  P R O C E S S  ---------------

Threads class SMR info:
_java_thread_list=0x00007ff922a6a1c8, length=0, elements={
}

Java Threads: ( => current thread )
Total: 0

Other Threads:
  0x0000023f507ba060 WorkerThread "GC Thread#0"                     [id=5108, stack(0x000000dbf1d00000,0x000000dbf1e00000) (1024K)]
  0x0000023f507c2f60 ConcurrentGCThread "G1 Main Marker"            [id=3232, stack(0x000000dbf1e00000,0x000000dbf1f00000) (1024K)]
  0x0000023f507c4590 WorkerThread "G1 Conc#0"                       [id=16916, stack(0x000000dbf1f00000,0x000000dbf2000000) (1024K)]

[error occurred during error reporting (printing all threads), id 0xc0000005, EXCEPTION_ACCESS_VIOLATION (0xc0000005) at pc=0x00007ff9221656a7]
VM state: not at safepoint (not fully initialized)

VM Mutex/Monitor currently owned by a thread:  ([mutex/lock_event])
[0x00007ff922ade660] Heap_lock - owner thread: 0x0000023f4e427610

Heap address: 0x00000000c0000000, size: 1024 MB, Compressed Oops mode: 32-bit

CDS archive(s) mapped at: [0x0000000000000000-0x0000000000000000-0x0000000000000000), size 0, SharedBaseAddress: 0x0000000800000000, ArchiveRelocationMode: 1.
Narrow klass base: 0x0000000000000000, Narrow klass shift: 0, Narrow klass range: 0x0

GC Precious Log:
 CardTable entry size: 512
 Card Set container configuration: InlinePtr #cards 5 size 8 Array Of Cards #cards 12 size 40 Howl #buckets 4 coarsen threshold 1843 Howl Bitmap #cards 512 size 80 coarsen threshold 460 Card regions per heap region 1 cards per card region 2048

Heap:
 garbage-first heap   total 0K, used 0K [0x00000000c0000000, 0x0000000100000000)
  region size 1024K, 0 young (0K), 0 survivors (0K)

[error occurred during error reporting (printing heap information), id 0xc0000005, EXCEPTION_ACCESS_VIOLATION (0xc0000005) at pc=0x00007ff9225513b9]
GC Heap History (0 events):
No events

Dll operation events (1 events):
Event: 0.032 Loaded shared library c:\Users\Administrator\.vscode\extensions\redhat.java-1.54.0-win32-x64\jre\21.0.10-win32-x86_64\bin\java.dll

Deoptimization events (0 events):
No events

Classes loaded (0 events):
No events

Classes unloaded (0 events):
No events

Classes redefined (0 events):
No events

Internal exceptions (0 events):
No events

ZGC Phase Switch (0 events):
No events

VM Operations (0 events):
No events

Memory protections (0 events):
No events

Nmethod flushes (0 events):
No events

Events (0 events):
No events


Dynamic libraries:
0x00007ff6cfbf0000 - 0x00007ff6cfbfe000 	c:\Users\Administrator\.vscode\extensions\redhat.java-1.54.0-win32-x64\jre\21.0.10-win32-x86_64\bin\java.exe
0x00007ff9abfa0000 - 0x00007ff9ac206000 	C:\WINDOWS\SYSTEM32\ntdll.dll
0x00007ff9a9f10000 - 0x00007ff9a9fd9000 	C:\WINDOWS\System32\KERNEL32.DLL
0x00007ff9a9610000 - 0x00007ff9a9a10000 	C:\WINDOWS\System32\KERNELBASE.dll
0x00007ff9a91c0000 - 0x00007ff9a930c000 	C:\WINDOWS\System32\ucrtbase.dll
0x00007ff99a950000 - 0x00007ff99a96e000 	c:\Users\Administrator\.vscode\extensions\redhat.java-1.54.0-win32-x64\jre\21.0.10-win32-x86_64\bin\VCRUNTIME140.dll
0x00007ff99bec0000 - 0x00007ff99bed8000 	c:\Users\Administrator\.vscode\extensions\redhat.java-1.54.0-win32-x64\jre\21.0.10-win32-x86_64\bin\jli.dll
0x00007ff9ab8d0000 - 0x00007ff9aba97000 	C:\WINDOWS\System32\USER32.dll
0x00007ff984c70000 - 0x00007ff984f02000 	C:\WINDOWS\WinSxS\amd64_microsoft.windows.common-controls_6595b64144ccf1df_6.0.26100.8737_none_3e092eaee333b772\COMCTL32.dll
0x00007ff9a95e0000 - 0x00007ff9a9607000 	C:\WINDOWS\System32\win32u.dll
0x00007ff9ab630000 - 0x00007ff9ab6d9000 	C:\WINDOWS\System32\msvcrt.dll
0x00007ff9abb30000 - 0x00007ff9abb5b000 	C:\WINDOWS\System32\GDI32.dll
0x00007ff9a9a20000 - 0x00007ff9a9b49000 	C:\WINDOWS\System32\gdi32full.dll
0x00007ff9a9470000 - 0x00007ff9a9513000 	C:\WINDOWS\System32\msvcp_win.dll
0x00007ff9a9eb0000 - 0x00007ff9a9ee2000 	C:\WINDOWS\System32\IMM32.DLL
0x00007ff99f0c0000 - 0x00007ff99f0cc000 	c:\Users\Administrator\.vscode\extensions\redhat.java-1.54.0-win32-x64\jre\21.0.10-win32-x86_64\bin\vcruntime140_1.dll
0x00007ff99a1c0000 - 0x00007ff99a24d000 	c:\Users\Administrator\.vscode\extensions\redhat.java-1.54.0-win32-x64\jre\21.0.10-win32-x86_64\bin\msvcp140.dll
0x00007ff921e20000 - 0x00007ff922bc1000 	c:\Users\Administrator\.vscode\extensions\redhat.java-1.54.0-win32-x64\jre\21.0.10-win32-x86_64\bin\server\jvm.dll
0x00007ff9abd80000 - 0x00007ff9abe37000 	C:\WINDOWS\System32\ADVAPI32.dll
0x00007ff9aae20000 - 0x00007ff9aaeca000 	C:\WINDOWS\System32\sechost.dll
0x00007ff9abe40000 - 0x00007ff9abf58000 	C:\WINDOWS\System32\RPCRT4.dll
0x00007ff9abb60000 - 0x00007ff9abbe0000 	C:\WINDOWS\System32\WS2_32.dll
0x00007ff9a9040000 - 0x00007ff9a909e000 	C:\WINDOWS\SYSTEM32\POWRPROF.dll
0x00007ff99c780000 - 0x00007ff99c7b6000 	C:\WINDOWS\SYSTEM32\WINMM.dll
0x00007ff99c450000 - 0x00007ff99c45b000 	C:\WINDOWS\SYSTEM32\VERSION.dll
0x00007ff9a9020000 - 0x00007ff9a9034000 	C:\WINDOWS\SYSTEM32\UMPDC.dll
0x00007ff9a7ea0000 - 0x00007ff9a7ebb000 	C:\WINDOWS\SYSTEM32\kernel.appcore.dll
0x00007ff99ef60000 - 0x00007ff99ef6a000 	c:\Users\Administrator\.vscode\extensions\redhat.java-1.54.0-win32-x64\jre\21.0.10-win32-x86_64\bin\jimage.dll
0x00007ff9a6770000 - 0x00007ff9a69b2000 	C:\WINDOWS\SYSTEM32\DBGHELP.DLL
0x00007ff9a9ff0000 - 0x00007ff9aa373000 	C:\WINDOWS\System32\combase.dll
0x00007ff9ab360000 - 0x00007ff9ab439000 	C:\WINDOWS\System32\OLEAUT32.dll
0x00007ff992740000 - 0x00007ff99277b000 	C:\WINDOWS\SYSTEM32\dbgcore.DLL
0x00007ff9a9320000 - 0x00007ff9a93cc000 	C:\WINDOWS\System32\bcryptPrimitives.dll
0x00007ff99ef30000 - 0x00007ff99ef3f000 	c:\Users\Administrator\.vscode\extensions\redhat.java-1.54.0-win32-x64\jre\21.0.10-win32-x86_64\bin\instrument.dll
0x00007ff99a400000 - 0x00007ff99a420000 	c:\Users\Administrator\.vscode\extensions\redhat.java-1.54.0-win32-x64\jre\21.0.10-win32-x86_64\bin\java.dll

JVMTI agents:
c:\Users\Administrator\.vscode\extensions\redhat.java-1.54.0-win32-x64\lombok\lombok-1.18.39-4050.jar path:none, loaded, not initialized, instrumentlib options:none

dbghelp: loaded successfully - version: 4.0.5 - missing functions: none
symbol engine: initialized successfully - sym options: 0x614 - pdb path: .;c:\Users\Administrator\.vscode\extensions\redhat.java-1.54.0-win32-x64\jre\21.0.10-win32-x86_64\bin;C:\WINDOWS\SYSTEM32;C:\WINDOWS\WinSxS\amd64_microsoft.windows.common-controls_6595b64144ccf1df_6.0.26100.8737_none_3e092eaee333b772;c:\Users\Administrator\.vscode\extensions\redhat.java-1.54.0-win32-x64\jre\21.0.10-win32-x86_64\bin\server

VM Arguments:
jvm_args: --add-modules=ALL-SYSTEM --add-opens=java.base/java.util=ALL-UNNAMED --add-opens=java.base/java.lang=ALL-UNNAMED --add-opens=java.base/sun.nio.fs=ALL-UNNAMED -Declipse.application=org.eclipse.jdt.ls.core.id1 -Dosgi.bundles.defaultStartLevel=4 -Declipse.product=org.eclipse.jdt.ls.core.product -Djava.import.generatesMetadataFilesAtProjectRoot=false -DDetectVMInstallationsJob.disabled=true -Dfile.encoding=utf8 -Xlog:disable -Xms512m -Xmx1024m -javaagent:c:\Users\Administrator\.vscode\extensions\redhat.java-1.54.0-win32-x64\lombok\lombok-1.18.39-4050.jar -XX:+HeapDumpOnOutOfMemoryError -XX:HeapDumpPath=c:\Users\Administrator\AppData\Roaming\Code\User\workspaceStorage\fe962d59943de4ed24ad013b91575fa9\redhat.java -Daether.dependencyCollector.impl=bf 
java_command: c:\Users\Administrator\.vscode\extensions\redhat.java-1.54.0-win32-x64\server\plugins\org.eclipse.equinox.launcher_1.7.100.v20251111-0406.jar -configuration c:\Users\Administrator\AppData\Roaming\Code\User\globalStorage\redhat.java\1.54.0\config_win -data c:\Users\Administrator\AppData\Roaming\Code\User\workspaceStorage\fe962d59943de4ed24ad013b91575fa9\redhat.java\jdt_ws --pipe=\\.\pipe\lsp-6850293e4d31c7f4960d31e82e059fad-sock
java_class_path (initial): c:\Users\Administrator\.vscode\extensions\redhat.java-1.54.0-win32-x64\server\plugins\org.eclipse.equinox.launcher_1.7.100.v20251111-0406.jar
Launcher Type: SUN_STANDARD

[Global flags]
     intx CICompilerCount                          = 4                                         {product} {ergonomic}
     uint ConcGCThreads                            = 2                                         {product} {ergonomic}
     uint G1ConcRefinementThreads                  = 8                                         {product} {ergonomic}
   size_t G1HeapRegionSize                         = 1048576                                   {product} {ergonomic}
    uintx GCDrainStackTargetSize                   = 64                                        {product} {ergonomic}
     bool HeapDumpOnOutOfMemoryError               = true                                   {manageable} {command line}
    ccstr HeapDumpPath                             = c:\Users\Administrator\AppData\Roaming\Code\User\workspaceStorage\fe962d59943de4ed24ad013b91575fa9\redhat.java         {manageable} {command line}
   size_t InitialHeapSize                          = 536870912                                 {product} {command line}
   size_t MarkStackSize                            = 4194304                                   {product} {ergonomic}
   size_t MaxHeapSize                              = 1073741824                                {product} {command line}
   size_t MinHeapDeltaBytes                        = 1048576                                   {product} {ergonomic}
   size_t MinHeapSize                              = 536870912                                 {product} {command line}
    uintx NonNMethodCodeHeapSize                   = 5839372                                {pd product} {ergonomic}
    uintx NonProfiledCodeHeapSize                  = 122909434                              {pd product} {ergonomic}
    uintx ProfiledCodeHeapSize                     = 122909434                              {pd product} {ergonomic}
    uintx ReservedCodeCacheSize                    = 251658240                              {pd product} {ergonomic}
     bool SegmentedCodeCache                       = true                                      {product} {ergonomic}
   size_t SoftMaxHeapSize                          = 1073741824                             {manageable} {ergonomic}
     bool UseCompressedOops                        = true                           {product lp64_product} {ergonomic}
     bool UseG1GC                                  = true                                      {product} {ergonomic}
     bool UseLargePagesIndividualAllocation        = false                                  {pd product} {ergonomic}

Logging:
Log output configuration:
 #0: stdout all=off uptime,level,tags foldmultilines=false
 #1: stderr all=off uptime,level,tags foldmultilines=false

Release file:
<release file has not been read>
Environment Variables:
JAVA_HOME=C:\Program Files\Java\jdk-26.0.1
PATH=C:\Program Files\Common Files\Oracle\Java\javapath;C:\WINDOWS\system32;C:\WINDOWS;C:\WINDOWS\System32\Wbem;C:\WINDOWS\System32\WindowsPowerShell\v1.0\;C:\WINDOWS\System32\OpenSSH\;C:\Program Files\dotnet\;C:\ProgramData\chocolatey\bin;C:\Program Files\Git\cmd;C:\Program Files\Java\jdk-26.0.1\bin;C:\Users\Administrator\AppData\Local\Microsoft\WindowsApps;C:\Users\Administrator\AppData\Local\Programs\Microsoft VS Code\bin;C:\Users\Administrator\AppData\Local\Python\bin
USERNAME=Administrator
OS=Windows_NT
PROCESSOR_IDENTIFIER=Intel64 Family 6 Model 140 Stepping 1, GenuineIntel
TMP=C:\Users\ADMINI~1\AppData\Local\Temp
TEMP=C:\Users\ADMINI~1\AppData\Local\Temp




Periodic native trim disabled

---------------  S Y S T E M  ---------------

OS:
 Windows 11 , 64 bit Build 26100 (10.0.26100.8737)
OS uptime: 3 days 16:10 hours

CPU: total 8 (initial active 8) (4 cores per cpu, 2 threads per core) family 6 model 140 stepping 1 microcode 0xbe, cx8, cmov, fxsr, ht, mmx, 3dnowpref, sse, sse2, sse3, ssse3, sse4.1, sse4.2, popcnt, lzcnt, tsc, tscinvbit, avx, avx2, aes, erms, clmul, bmi1, bmi2, adx, avx512f, avx512dq, avx512cd, avx512bw, avx512vl, sha, fma, vzeroupper, avx512_vpopcntdq, avx512_vpclmulqdq, avx512_vaes, avx512_vnni, clflush, clflushopt, clwb, avx512_vbmi2, avx512_vbmi, rdtscp, rdpid, fsrm, gfni, avx512_bitalg, f16c, pku, cet_ibt, cet_ss, avx512_ifma
Processor Information for processor 0
  Max Mhz: 1997, Current Mhz: 1997, Mhz Limit: 1997
Processor Information for processor 1
  Max Mhz: 1997, Current Mhz: 1198, Mhz Limit: 1997
Processor Information for processor 2
  Max Mhz: 1997, Current Mhz: 1997, Mhz Limit: 1997
Processor Information for processor 3
  Max Mhz: 1997, Current Mhz: 1997, Mhz Limit: 1997
Processor Information for processor 4
  Max Mhz: 1997, Current Mhz: 1997, Mhz Limit: 1997
Processor Information for processor 5
  Max Mhz: 1997, Current Mhz: 1997, Mhz Limit: 1997
Processor Information for processor 6
  Max Mhz: 1997, Current Mhz: 1997, Mhz Limit: 1997
Processor Information for processor 7
  Max Mhz: 1997, Current Mhz: 1997, Mhz Limit: 1997

Memory: 4k page, system-wide physical 7920M (1170M free)
TotalPageFile size 12016M (AvailPageFile size 411M)
current process WorkingSet (physical memory assigned to process): 13M, peak: 13M
current process commit charge ("private bytes"): 60M, peak: 572M

vm_info: OpenJDK 64-Bit Server VM (21.0.10+7-LTS) for windows-amd64 JRE (21.0.10+7-LTS), built on 2026-01-20T00:00:00Z by "admin" with MS VC++ 17.12 (VS2022)

END.
